<?xml version="1.0" encoding="UTF-8"?>
<!-- Generated by org.testng.reporters.JUnitReportReporter -->
<testsuite hostname="SC-201909300102" failures="0" tests="1" name="ConnectDB.ConnectTest" time="0.391" errors="0" timestamp="2021-10-06T12:18:52 EDT" skipped="0">
  <testcase classname="ConnectDB.ConnectTest" name="Test10" time="0.391"/>
  <system-out/>
</testsuite> <!-- ConnectDB.ConnectTest -->
